<?xml version="1.0" encoding="UTF-8"?>
<testsuite xmlns:xsi="http://www.w3.org/2001/XMLSchema-instance" xsi:schemaLocation="https://maven.apache.org/surefire/maven-surefire-plugin/xsd/surefire-test-report.xsd" name="org.generation.italy.CalculatorTest" time="0.007" tests="3" errors="0" skipped="0" failures="0">
  <properties>
[...]
</properties>
  <testcase name="divideTest" classname="org.generation.italy.CalculatorTest" time="0.003"/>
  <testcase name="substractTest" classname="org.generation.italy.CalculatorTest" time="0"/>
  <testcase name="addTest" classname="org.generation.italy.CalculatorTest" time="0"/>
</testsuite>